<?xml version="1.0" encoding="UTF-8"?>
<testng-results skipped="0" failed="0" ignored="0" total="1" passed="1">
  <reporter-output>
  </reporter-output>
  <suite name="Default suite" duration-ms="22113" started-at="2022-05-19T23:28:47 IST" finished-at="2022-05-19T23:29:09 IST">
    <groups>
    </groups>
    <test name="Default test" duration-ms="22113" started-at="2022-05-19T23:28:47 IST" finished-at="2022-05-19T23:29:09 IST">
      <class name="main.RegisterPage">
        <test-method status="PASS" signature="beforeTestMethod()[pri:0, instance:main.RegisterPage@67205a84]" name="beforeTestMethod" is-config="true" duration-ms="13709" started-at="2022-05-19T23:28:47 IST" finished-at="2022-05-19T23:29:01 IST">
          <reporter-output>
          </reporter-output>
        </test-method> <!-- beforeTestMethod -->
        <test-method status="PASS" signature="verifySignUp()[pri:0, instance:main.RegisterPage@67205a84]" name="verifySignUp" duration-ms="8290" started-at="2022-05-19T23:29:01 IST" finished-at="2022-05-19T23:29:09 IST">
          <reporter-output>
          </reporter-output>
        </test-method> <!-- verifySignUp -->
        <test-method status="PASS" signature="afterTestMethod()[pri:0, instance:main.RegisterPage@67205a84]" name="afterTestMethod" is-config="true" duration-ms="5" started-at="2022-05-19T23:29:09 IST" finished-at="2022-05-19T23:29:09 IST">
          <reporter-output>
          </reporter-output>
        </test-method> <!-- afterTestMethod -->
      </class> <!-- main.RegisterPage -->
    </test> <!-- Default test -->
  </suite> <!-- Default suite -->
</testng-results>
